  blinn_material.cpp
  blinn_model.cpp
D:\G94\github\zy_renderer\engine\src\blinn\../utility/math_tool.hpp(7,14): warning C4505: “float_min”: 未引用的本地函数已移除
D:\G94\github\zy_renderer\engine\src\blinn\../utility/math_tool.hpp(11,14): warning C4505: “float_max”: 未引用的本地函数已移除
D:\G94\github\zy_renderer\engine\src\blinn\../utility/math_tool.hpp(15,14): warning C4505: “float_lerp”: 未引用的本地函数已移除
D:\G94\github\zy_renderer\engine\src\blinn\../utility/math_tool.hpp(27,14): warning C4505: “float_from_uchar”: 未引用的本地函数已移除
D:\G94\github\zy_renderer\engine\src\blinn\../utility/math_tool.hpp(31,22): warning C4505: “float_to_uchar”: 未引用的本地函数已移除
D:\G94\github\zy_renderer\engine\src\blinn\../utility/math_tool.hpp(35,14): warning C4505: “float_srgb2linear”: 未引用的本地函数已移除
D:\G94\github\zy_renderer\engine\src\blinn\../utility/math_tool.hpp(39,14): warning C4505: “float_linear2srgb”: 未引用的本地函数已移除
D:\G94\github\zy_renderer\engine\src\blinn\../utility/math_tool.hpp(47,14): warning C4505: “float_aces”: 未引用的本地函数已移除
  blinn_program.cpp
  blinn_scene.cpp
D:\G94\github\zy_renderer\engine\src\blinn\../utility/scene_loader.hpp(25,78): warning C4239: 使用了非标准扩展:“参数”: 从“std::basic_string<char,std::char_traits<char>,std::allocator<char>>”转换到“std::string &”
D:\G94\github\zy_renderer\engine\src\blinn\../utility/scene_loader.hpp(25,78): message : 非常量引用只能绑定到左值
D:\G94\github\zy_renderer\engine\src\blinn\../utility/scene_loader.hpp(135,66): warning C4305: “参数”: 从“int”到“const _Elem”截断
          with
          [
              _Elem=char
          ]
D:\G94\github\zy_renderer\engine\src\blinn\../utility/scene_loader.hpp(135,62): warning C4309: “参数”: 截断常量值
  blinn_shader.cpp
  image.cpp
D:\G94\github\zy_renderer\engine\src\core\image.cpp(57,37): warning C4100: “filename”: 未引用的形参
  texture.cpp
D:\G94\github\zy_renderer\engine\src\core\../utility/math_tool.hpp(7,14): warning C4505: “float_min”: 未引用的本地函数已移除
D:\G94\github\zy_renderer\engine\src\core\../utility/math_tool.hpp(11,14): warning C4505: “float_max”: 未引用的本地函数已移除
D:\G94\github\zy_renderer\engine\src\core\../utility/math_tool.hpp(15,14): warning C4505: “float_lerp”: 未引用的本地函数已移除
D:\G94\github\zy_renderer\engine\src\core\../utility/math_tool.hpp(19,14): warning C4505: “float_clamp”: 未引用的本地函数已移除
D:\G94\github\zy_renderer\engine\src\core\../utility/math_tool.hpp(31,22): warning C4505: “float_to_uchar”: 未引用的本地函数已移除
  main.cpp
D:\G94\github\zy_renderer\engine\3rd\glm\ext\../detail/type_quat.hpp(48,1): warning C4201: 使用了非标准扩展: 无名称的结构/联合
D:\G94\github\zy_renderer\engine\3rd\glm\ext\../detail/type_quat.hpp(133): message : 查看对正在编译的 类 模板 实例化“glm::qua<T,Q>”的引用
D:\G94\github\zy_renderer\engine\src\main.cpp(39,15): warning C4189: “delta_time”: 局部变量已初始化但不引用
  正在生成代码...
  zy_renderer.vcxproj -> D:\G94\github\zy_renderer\bin\Debug\zy_renderer.exe
